<?xml version="1.0" encoding="UTF-8"?>
<!-- Generated by org.testng.reporters.JUnitXMLReporter -->
<testsuite ignored="6" hostname="DESKTOP-0UE9EKQ" failures="0" tests="13" name="chrome Test" time="24.6" errors="0" timestamp="2025-04-05T23:07:13 IST">
  <testcase classname="MyProject.saucedemo.BaseClass" name="@BeforeTest openTheBrowser" time="24.062">
    <failure type="org.openqa.selenium.SessionNotCreatedException" message="Could not start a new session. Response code 500. Message: session not created: This version of ChromeDriver only supports Chrome version 135
Current browser version is 134.0.6998.178 with binary path C:\Program Files\Google\Chrome\Application\chrome.exe 
Host info: host: &amp;apos;DESKTOP-0UE9EKQ&amp;apos;, ip: &amp;apos;192.168.0.100&amp;apos;
Build info: version: &amp;apos;4.30.0&amp;apos;, revision: &amp;apos;509c7f17cc*&amp;apos;
System info: os.name: &amp;apos;Windows 10&amp;apos;, os.arch: &amp;apos;amd64&amp;apos;, os.version: &amp;apos;10.0&amp;apos;, java.version: &amp;apos;23.0.1&amp;apos;
Driver info: org.openqa.selenium.chrome.ChromeDriver
Command: [null, newSession {capabilities=[Capabilities {browserName: chrome, goog:chromeOptions: {args: [--disable-extensions, --incognito, --start-maximized, --window-size=1920x1080, --disable-software-rasterizer, --disable-infobars, user-agent=Mozilla/5.0 (Win...], extensions: []}}]}]">
      <![CDATA[org.openqa.selenium.SessionNotCreatedException: Could not start a new session. Response code 500. Message: session not created: This version of ChromeDriver only supports Chrome version 135
Current browser version is 134.0.6998.178 with binary path C:\Program Files\Google\Chrome\Application\chrome.exe 
Host info: host: 'DESKTOP-0UE9EKQ', ip: '192.168.0.100'
Build info: version: '4.30.0', revision: '509c7f17cc*'
System info: os.name: 'Windows 10', os.arch: 'amd64', os.version: '10.0', java.version: '23.0.1'
Driver info: org.openqa.selenium.chrome.ChromeDriver
Command: [null, newSession {capabilities=[Capabilities {browserName: chrome, goog:chromeOptions: {args: [--disable-extensions, --incognito, --start-maximized, --window-size=1920x1080, --disable-software-rasterizer, --disable-infobars, user-agent=Mozilla/5.0 (Win...], extensions: []}}]}]
at org.openqa.selenium.remote.ProtocolHandshake.createSession(ProtocolHandshake.java:114)
at org.openqa.selenium.remote.ProtocolHandshake.createSession(ProtocolHandshake.java:75)
at org.openqa.selenium.remote.ProtocolHandshake.createSession(ProtocolHandshake.java:61)
at org.openqa.selenium.remote.HttpCommandExecutor.execute(HttpCommandExecutor.java:187)
at org.openqa.selenium.remote.service.DriverCommandExecutor.invokeExecute(DriverCommandExecutor.java:216)
at org.openqa.selenium.remote.service.DriverCommandExecutor.execute(DriverCommandExecutor.java:174)
at org.openqa.selenium.remote.RemoteWebDriver.execute(RemoteWebDriver.java:545)
at org.openqa.selenium.remote.RemoteWebDriver.startSession(RemoteWebDriver.java:245)
at org.openqa.selenium.remote.RemoteWebDriver.<init>(RemoteWebDriver.java:174)
at org.openqa.selenium.chromium.ChromiumDriver.<init>(ChromiumDriver.java:110)
at org.openqa.selenium.chrome.ChromeDriver.<init>(ChromeDriver.java:88)
at org.openqa.selenium.chrome.ChromeDriver.<init>(ChromeDriver.java:83)
at org.openqa.selenium.chrome.ChromeDriver.<init>(ChromeDriver.java:72)
at MyProject.saucedemo.BaseClass.openTheBrowser(BaseClass.java:40)
at java.base/java.util.concurrent.FutureTask.run(FutureTask.java:317)
at java.base/java.util.concurrent.ThreadPoolExecutor.runWorker(ThreadPoolExecutor.java:1144)
at java.base/java.util.concurrent.ThreadPoolExecutor$Worker.run(ThreadPoolExecutor.java:642)
at java.base/java.lang.Thread.run(Thread.java:1575)
... Removed 12 stack frames]]>
    </failure>
  </testcase> <!-- @BeforeTest openTheBrowser -->
  <testcase classname="MyProject.saucedemo.BaseClass" name="@AfterTest teardowm" time="0.0">
    <skipped/>
  </testcase> <!-- @AfterTest teardowm -->
  <testcase classname="testBase.LandingPageTest" name="CartIconIsVisible" time="0.0">
    <skipped/>
  </testcase> <!-- CartIconIsVisible -->
  <testcase classname="testBase.LoginPageTest" name="Login" time="0.0">
    <skipped/>
  </testcase> <!-- Login -->
  <testcase classname="testBase.LandingPageTest" name="ProductTitleIsVisiable" time="0.0">
    <skipped/>
  </testcase> <!-- ProductTitleIsVisiable -->
  <testcase classname="testBase.LandingPageTest" name="ShortTheProductHighToLow" time="0.0">
    <skipped/>
  </testcase> <!-- ShortTheProductHighToLow -->
  <testcase classname="testBase.LandingPageTest" name="ShortTheProductLowToHigh" time="0.0">
    <skipped/>
  </testcase> <!-- ShortTheProductLowToHigh -->
  <testcase classname="testBase.LandingPageTest" name="ShortTheProductNameAZ" time="0.0">
    <skipped/>
  </testcase> <!-- ShortTheProductNameAZ -->
  <testcase classname="testBase.LandingPageTest" name="ShortTheProductNameZA" time="0.0">
    <skipped/>
  </testcase> <!-- ShortTheProductNameZA -->
  <testcase classname="testBase.LandingPageTest" name="VerifytheHomePage" time="0.0">
    <skipped/>
  </testcase> <!-- VerifytheHomePage -->
  <testcase classname="testBase.LandingPageTest" name="clickTheAllItemMenu" time="0.0">
    <skipped/>
  </testcase> <!-- clickTheAllItemMenu -->
  <testcase classname="testBase.LandingPageTest" name="clickTheAppStoreReset" time="0.0">
    <skipped/>
  </testcase> <!-- clickTheAppStoreReset -->
  <testcase classname="testBase.LandingPageTest" name="clickTheMenuverified" time="0.0">
    <skipped/>
  </testcase> <!-- clickTheMenuverified -->
  <testcase classname="testBase.LandingPageTest" name="clickTheclose" time="0.0">
    <skipped/>
  </testcase> <!-- clickTheclose -->
  <testcase classname="testBase.LandingPageTest" name="Login" time="0.0">
    <skipped/>
  </testcase> <!-- Login -->
  <testcase classname="MyProject.saucedemo.BaseClass" name="@BeforeTest openTheBrowser" time="0.0">
    <ignored/>
  </testcase> <!-- @BeforeTest openTheBrowser -->
  <testcase classname="testBase.LoginPageTest" name="LoginVaildCrential" time="0.0">
    <ignored/>
  </testcase> <!-- LoginVaildCrential -->
  <testcase classname="testBase.LoginPageTest" name="LogininVaildCrential" time="0.0">
    <ignored/>
  </testcase> <!-- LogininVaildCrential -->
  <testcase classname="testBase.LandingPageTest" name="clickTheMenuAbout" time="0.0">
    <ignored/>
  </testcase> <!-- clickTheMenuAbout -->
  <testcase classname="testBase.LandingPageTest" name="clickThelogot" time="0.0">
    <ignored/>
  </testcase> <!-- clickThelogot -->
  <testcase classname="MyProject.saucedemo.BaseClass" name="@AfterTest teardowm" time="0.0">
    <ignored/>
  </testcase> <!-- @AfterTest teardowm -->
</testsuite> <!-- chrome Test -->
